[2023-11-21 16:39:05]=============================
[2023-11-21 16:39:05]=======Inicia Servidor======= 
[2023-11-21 16:39:05]=============================
[2023-11-21 16:39:05]Socket creado. Puerto de escucha:5000 
[2023-11-21 16:39:12] Inicio de Sesion - Usuario: admin
[2023-12-14 18:17:47]=============================
[2023-12-14 18:17:47]=======Inicia Servidor======= 
[2023-12-14 18:17:47]=============================
[2023-12-14 18:17:47]Socket creado. Puerto de escucha:5000 
[2023-12-14 18:18:05] Inicio de Sesión - Usuario: admin@UNLa.2023
[2023-12-14 18:18:09] Cerrando sesión para usuario: admin@UNLa.2023
[2023-12-14 18:19:10]=============================
[2023-12-14 18:19:10]=======Inicia Servidor======= 
[2023-12-14 18:19:10]=============================
[2023-12-14 18:19:10]Socket creado. Puerto de escucha:5000 
[2023-12-14 18:19:17] Inicio de Sesion - Usuario: admin
[2023-12-14 18:31:04]=============================
[2023-12-14 18:31:04]=======Inicia Servidor======= 
[2023-12-14 18:31:04]=============================
[2023-12-14 18:31:04]Socket creado. Puerto de escucha:5000 
[2023-12-14 18:31:15] Inicio de Sesion - Usuario: admin
[2023-12-14 18:31:17] Cerrando sesion para usuario: admin
